# JRE version: Java(TM) SE Runtime Environment (8.0_201-b09) (build 1.8.0_201-b09)
# Java VM: Java HotSpot(TM) 64-Bit Server VM (25.201-b09 mixed mode linux-amd64 compressed oops)
Heap:
 PSYoungGen      total 103424K, used 10723K [0x0000000782000000, 0x0000000788e80000, 0x00000007c0000000)
  eden space 102912K, 10% used [0x0000000782000000,0x0000000782a67f10,0x0000000788480000)
  from space 512K, 13% used [0x0000000788800000,0x0000000788810d28,0x0000000788880000)
  to   space 5120K, 0% used [0x0000000788980000,0x0000000788980000,0x0000000788e80000)
 ParOldGen       total 1833984K, used 1710110K [0x0000000706000000, 0x0000000775f00000, 0x0000000782000000)
  object space 1833984K, 93% used [0x0000000706000000,0x000000076e607ba0,0x0000000775f00000)
 Metaspace       used 9462K, capacity 9630K, committed 9856K, reserved 1058816K
  class space    used 1041K, capacity 1125K, committed 1152K, reserved 1048576K
GC Heap History (10 events):
Event: 23.738 GC heap before
{Heap before GC invocations=13 (full 0):
 PSYoungGen      total 47104K, used 41539K [0x0000000782000000, 0x0000000785480000, 0x00000007c0000000)
  eden space 41472K, 100% used [0x0000000782000000,0x0000000784880000,0x0000000784880000)
  from space 5632K, 1% used [0x0000000784f00000,0x0000000784f10d28,0x0000000785480000)
  to   space 6144K, 0% used [0x0000000784880000,0x0000000784880000,0x0000000784e80000)
 ParOldGen       total 984064K, used 860726K [0x0000000706000000, 0x0000000742100000, 0x0000000782000000)
  object space 984064K, 87% used [0x0000000706000000,0x000000073a88da00,0x0000000742100000)
 Metaspace       used 8230K, capacity 8404K, committed 8704K, reserved 1056768K
  class space    used 894K, capacity 954K, committed 1024K, reserved 1048576K
Event: 23.743 GC heap after
Heap after GC invocations=13 (full 0):
 PSYoungGen      total 47616K, used 67K [0x0000000782000000, 0x0000000786c00000, 0x00000007c0000000)
  eden space 41472K, 0% used [0x0000000782000000,0x0000000782000000,0x0000000784880000)
  from space 6144K, 1% used [0x0000000784880000,0x0000000784890d28,0x0000000784e80000)
  to   space 5632K, 0% used [0x0000000786680000,0x0000000786680000,0x0000000786c00000)
 ParOldGen       total 984064K, used 860726K [0x0000000706000000, 0x0000000742100000, 0x0000000782000000)
  object space 984064K, 87% used [0x0000000706000000,0x000000073a88da00,0x0000000742100000)
 Metaspace       used 8230K, capacity 8404K, committed 8704K, reserved 1056768K
  class space    used 894K, capacity 954K, committed 1024K, reserved 1048576K
}
Event: 24.079 GC heap before
{Heap before GC invocations=14 (full 0):
 PSYoungGen      total 47616K, used 41539K [0x0000000782000000, 0x0000000786c00000, 0x00000007c0000000)
  eden space 41472K, 100% used [0x0000000782000000,0x0000000784880000,0x0000000784880000)
  from space 6144K, 1% used [0x0000000784880000,0x0000000784890d28,0x0000000784e80000)
  to   space 5632K, 0% used [0x0000000786680000,0x0000000786680000,0x0000000786c00000)
 ParOldGen       total 984064K, used 860726K [0x0000000706000000, 0x0000000742100000, 0x0000000782000000)
  object space 984064K, 87% used [0x0000000706000000,0x000000073a88da00,0x0000000742100000)
 Metaspace       used 8230K, capacity 8404K, committed 8704K, reserved 1056768K
  class space    used 894K, capacity 954K, committed 1024K, reserved 1048576K
Event: 24.085 GC heap after
Heap after GC invocations=14 (full 0):
 PSYoungGen      total 72192K, used 67K [0x0000000782000000, 0x0000000786c00000, 0x00000007c0000000)
  eden space 66560K, 0% used [0x0000000782000000,0x0000000782000000,0x0000000786100000)
  from space 5632K, 1% used [0x0000000786680000,0x0000000786690d28,0x0000000786c00000)
  to   space 5632K, 0% used [0x0000000786100000,0x0000000786100000,0x0000000786680000)
 ParOldGen       total 984064K, used 860726K [0x0000000706000000, 0x0000000742100000, 0x0000000782000000)
  object space 984064K, 87% used [0x0000000706000000,0x000000073a88da00,0x0000000742100000)
 Metaspace       used 8230K, capacity 8404K, committed 8704K, reserved 1056768K
  class space    used 894K, capacity 954K, committed 1024K, reserved 1048576K
}
Event: 24.674 GC heap before
{Heap before GC invocations=15 (full 0):
 PSYoungGen      total 72192K, used 66627K [0x0000000782000000, 0x0000000786c00000, 0x00000007c0000000)
  eden space 66560K, 100% used [0x0000000782000000,0x0000000786100000,0x0000000786100000)
  from space 5632K, 1% used [0x0000000786680000,0x0000000786690d28,0x0000000786c00000)
  to   space 5632K, 0% used [0x0000000786100000,0x0000000786100000,0x0000000786680000)
 ParOldGen       total 984064K, used 860726K [0x0000000706000000, 0x0000000742100000, 0x0000000782000000)
  object space 984064K, 87% used [0x0000000706000000,0x000000073a88da00,0x0000000742100000)
 Metaspace       used 8230K, capacity 8404K, committed 8704K, reserved 1056768K
  class space    used 894K, capacity 954K, committed 1024K, reserved 1048576K
Event: 24.680 GC heap after
Heap after GC invocations=15 (full 0):
 PSYoungGen      total 72192K, used 67K [0x0000000782000000, 0x0000000789300000, 0x00000007c0000000)
  eden space 66560K, 0% used [0x0000000782000000,0x0000000782000000,0x0000000786100000)
  from space 5632K, 1% used [0x0000000786100000,0x0000000786110d28,0x0000000786680000)
  to   space 5632K, 0% used [0x0000000788d80000,0x0000000788d80000,0x0000000789300000)
 ParOldGen       total 984064K, used 860726K [0x0000000706000000, 0x0000000742100000, 0x0000000782000000)
  object space 984064K, 87% used [0x0000000706000000,0x000000073a88da00,0x0000000742100000)
 Metaspace       used 8230K, capacity 8404K, committed 8704K, reserved 1056768K
  class space    used 894K, capacity 954K, committed 1024K, reserved 1048576K
}
Event: 25.181 GC heap before
{Heap before GC invocations=16 (full 0):
 PSYoungGen      total 72192K, used 66627K [0x0000000782000000, 0x0000000789300000, 0x00000007c0000000)
  eden space 66560K, 100% used [0x0000000782000000,0x0000000786100000,0x0000000786100000)
  from space 5632K, 1% used [0x0000000786100000,0x0000000786110d28,0x0000000786680000)
  to   space 5632K, 0% used [0x0000000788d80000,0x0000000788d80000,0x0000000789300000)
 ParOldGen       total 984064K, used 860726K [0x0000000706000000, 0x0000000742100000, 0x0000000782000000)
  object space 984064K, 87% used [0x0000000706000000,0x000000073a88da00,0x0000000742100000)
 Metaspace       used 8230K, capacity 8404K, committed 8704K, reserved 1056768K
  class space    used 894K, capacity 954K, committed 1024K, reserved 1048576K
Event: 25.186 GC heap after
Heap after GC invocations=16 (full 0):
 PSYoungGen      total 112128K, used 67K [0x0000000782000000, 0x0000000789300000, 0x00000007c0000000)
  eden space 106496K, 0% used [0x0000000782000000,0x0000000782000000,0x0000000788800000)
  from space 5632K, 1% used [0x0000000788d80000,0x0000000788d90d28,0x0000000789300000)
  to   space 5632K, 0% used [0x0000000788800000,0x0000000788800000,0x0000000788d80000)
 ParOldGen       total 984064K, used 860726K [0x0000000706000000, 0x0000000742100000, 0x0000000782000000)
  object space 984064K, 87% used [0x0000000706000000,0x000000073a88da00,0x0000000742100000)
 Metaspace       used 8230K, capacity 8404K, committed 8704K, reserved 1056768K
  class space    used 894K, capacity 954K, committed 1024K, reserved 1048576K
}
Event: 25.995 GC heap before
{Heap before GC invocations=17 (full 0):
 PSYoungGen      total 112128K, used 106563K [0x0000000782000000, 0x0000000789300000, 0x00000007c0000000)
  eden space 106496K, 100% used [0x0000000782000000,0x0000000788800000,0x0000000788800000)
  from space 5632K, 1% used [0x0000000788d80000,0x0000000788d90d28,0x0000000789300000)
  to   space 5632K, 0% used [0x0000000788800000,0x0000000788800000,0x0000000788d80000)
 ParOldGen       total 984064K, used 860726K [0x0000000706000000, 0x0000000742100000, 0x0000000782000000)
  object space 984064K, 87% used [0x0000000706000000,0x000000073a88da00,0x0000000742100000)
 Metaspace       used 8230K, capacity 8404K, committed 8704K, reserved 1056768K
  class space    used 894K, capacity 954K, committed 1024K, reserved 1048576K
Event: 26.000 GC heap after
Heap after GC invocations=17 (full 0):
 PSYoungGen      total 103424K, used 67K [0x0000000782000000, 0x0000000788e80000, 0x00000007c0000000)
  eden space 102912K, 0% used [0x0000000782000000,0x0000000782000000,0x0000000788480000)
  from space 512K, 13% used [0x0000000788800000,0x0000000788810d28,0x0000000788880000)
  to   space 5120K, 0% used [0x0000000788980000,0x0000000788980000,0x0000000788e80000)
 ParOldGen       total 984064K, used 860726K [0x0000000706000000, 0x0000000742100000, 0x0000000782000000)
  object space 984064K, 87% used [0x0000000706000000,0x000000073a88da00,0x0000000742100000)
 Metaspace       used 8230K, capacity 8404K, committed 8704K, reserved 1056768K
  class space    used 894K, capacity 954K, committed 1024K, reserved 1048576K
}

